<?xml version="1.0" encoding="UTF-8"?>
<!-- Generated by org.testng.reporters.JUnitReportReporter -->
<testsuite skipped="0" hostname="CPX-S6I6DFHKPI9" name="GeneralTest" tests="1" failures="0" timestamp="2022-05-24T09:43:05 CST" time="11.134" errors="0">
  <testcase name="testProductCurrency" time="11.134" classname="GeneralTest"/>
  <system-out/>
</testsuite> <!-- GeneralTest -->
